<?xml version="1.0" encoding="UTF-8"?>
<!-- Generated by org.testng.reporters.JUnitXMLReporter -->
<testsuite ignored="2" hostname="LAPTOP-3U17IM9P" failures="0" tests="2" name="Test" time="28.22" errors="0" timestamp="2025-03-31T21:01:22 IST">
  <testcase classname="com.testscripts.amazon.AddToCart" name="addToCartTest" time="6.46"/>
  <testcase classname="com.genericlib.amazon.Demo" name="demoTest" time="0.0"/>
  <testcase classname="com.genericlib.amazon.Base" name="@BeforeTest configBT" time="0.0">
    <ignored/>
  </testcase> <!-- @BeforeTest configBT -->
  <testcase classname="com.genericlib.amazon.Base" name="@AfterTest configAT" time="0.0">
    <ignored/>
  </testcase> <!-- @AfterTest configAT -->
</testsuite> <!-- Test -->
