<?xml version="1.0" encoding="UTF-8"?>
<testng-results ignored="0" total="1" passed="0" failed="1" skipped="0">
  <reporter-output>
  </reporter-output>
  <suite started-at="2025-04-01T11:49:50 IST" name="Default suite" finished-at="2025-04-01T11:50:07 IST" duration-ms="16322">
    <groups>
    </groups>
    <test started-at="2025-04-01T11:49:50 IST" name="Default test" finished-at="2025-04-01T11:50:07 IST" duration-ms="16322">
      <class name="com.testscripts.amazon.AddToCart">
        <test-method is-config="true" signature="configBT()[pri:0, instance:com.testscripts.amazon.AddToCart@4fa1c212]" started-at="2025-04-01T11:49:50 IST" name="configBT" finished-at="2025-04-01T11:49:54 IST" duration-ms="3955" status="PASS">
          <reporter-output>
          </reporter-output>
        </test-method> <!-- configBT -->
        <test-method is-config="true" signature="configBM()[pri:0, instance:com.testscripts.amazon.AddToCart@4fa1c212]" started-at="2025-04-01T11:49:54 IST" name="configBM" finished-at="2025-04-01T11:50:03 IST" duration-ms="8377" status="PASS">
          <reporter-output>
          </reporter-output>
        </test-method> <!-- configBM -->
        <test-method signature="addToCartTest()[pri:0, instance:com.testscripts.amazon.AddToCart@4fa1c212]" started-at="2025-04-01T11:50:03 IST" name="addToCartTest" finished-at="2025-04-01T11:50:05 IST" duration-ms="2589" status="FAIL">
          <exception class="java.lang.AssertionError">
            <message>
              <![CDATA[null]]>
            </message>
            <full-stacktrace>
              <![CDATA[java.lang.AssertionError: null
at org.testng.Assert.fail(Assert.java:111)
at org.testng.Assert.fail(Assert.java:116)
at com.testscripts.amazon.AddToCart.addToCartTest(AddToCart.java:43)
at java.base/jdk.internal.reflect.NativeMethodAccessorImpl.invoke0(Native Method)
at java.base/jdk.internal.reflect.NativeMethodAccessorImpl.invoke(NativeMethodAccessorImpl.java:77)
at java.base/jdk.internal.reflect.DelegatingMethodAccessorImpl.invoke(DelegatingMethodAccessorImpl.java:43)
at java.base/java.lang.reflect.Method.invoke(Method.java:568)
at org.testng.internal.invokers.MethodInvocationHelper.invokeMethod(MethodInvocationHelper.java:139)
at org.testng.internal.invokers.TestInvoker.invokeMethod(TestInvoker.java:664)
at org.testng.internal.invokers.TestInvoker.invokeTestMethod(TestInvoker.java:228)
at org.testng.internal.invokers.MethodRunner.runInSequence(MethodRunner.java:63)
at org.testng.internal.invokers.TestInvoker$MethodInvocationAgent.invoke(TestInvoker.java:961)
at org.testng.internal.invokers.TestInvoker.invokeTestMethods(TestInvoker.java:201)
at org.testng.internal.invokers.TestMethodWorker.invokeTestMethods(TestMethodWorker.java:148)
at org.testng.internal.invokers.TestMethodWorker.run(TestMethodWorker.java:128)
at java.base/java.util.ArrayList.forEach(ArrayList.java:1511)
at org.testng.TestRunner.privateRun(TestRunner.java:819)
at org.testng.TestRunner.run(TestRunner.java:619)
at org.testng.SuiteRunner.runTest(SuiteRunner.java:443)
at org.testng.SuiteRunner.runSequentially(SuiteRunner.java:437)
at org.testng.SuiteRunner.privateRun(SuiteRunner.java:397)
at org.testng.SuiteRunner.run(SuiteRunner.java:336)
at org.testng.SuiteRunnerWorker.runSuite(SuiteRunnerWorker.java:52)
at org.testng.SuiteRunnerWorker.run(SuiteRunnerWorker.java:95)
at org.testng.TestNG.runSuitesSequentially(TestNG.java:1301)
at org.testng.TestNG.runSuitesLocally(TestNG.java:1228)
at org.testng.TestNG.runSuites(TestNG.java:1134)
at org.testng.TestNG.run(TestNG.java:1101)
at org.testng.remote.AbstractRemoteTestNG.run(AbstractRemoteTestNG.java:115)
at org.testng.remote.RemoteTestNG.initAndRun(RemoteTestNG.java:293)
at org.testng.remote.RemoteTestNG.main(RemoteTestNG.java:91)
]]>
            </full-stacktrace>
          </exception> <!-- java.lang.AssertionError -->
          <reporter-output>
          </reporter-output>
        </test-method> <!-- addToCartTest -->
        <test-method is-config="true" signature="configAM()[pri:0, instance:com.testscripts.amazon.AddToCart@4fa1c212]" started-at="2025-04-01T11:50:06 IST" name="configAM" finished-at="2025-04-01T11:50:06 IST" duration-ms="715" status="PASS">
          <reporter-output>
          </reporter-output>
        </test-method> <!-- configAM -->
        <test-method is-config="true" signature="configAT()[pri:0, instance:com.testscripts.amazon.AddToCart@4fa1c212]" started-at="2025-04-01T11:50:06 IST" name="configAT" finished-at="2025-04-01T11:50:07 IST" duration-ms="387" status="PASS">
          <reporter-output>
          </reporter-output>
        </test-method> <!-- configAT -->
      </class> <!-- com.testscripts.amazon.AddToCart -->
    </test> <!-- Default test -->
  </suite> <!-- Default suite -->
</testng-results>
